Gameplay log for Top Trumps.
---------------------------------------------
350r
Avenger
Carrack
Constellation
Hawk
Hornet
Hurricane
Idris
m50
Merchantman
Orion
Sabre
Vanguard
350r
Avenger
Carrack
Constellation
Hawk
Hornet
Hurricane
Idris
m50
Merchantman
Orion
Sabre
Vanguard
350r
Avenger
Carrack
Constellation
Hawk
Hornet
Hurricane
Idris
m50
Merchantman
Orion
Sabre
Vanguard
Avenger

---------------------------------------------

350r
Carrack
Avenger
m50
m50
Constellation
350r
Carrack
Carrack
Avenger
Hornet
350r
Vanguard
Merchantman
Orion
Idris
Constellation
Hawk
Hawk
Hurricane
Merchantman
Hurricane
Vanguard
Merchantman
Orion
Idris
Sabre
Avenger
Vanguard
Constellation
Hornet
Sabre
Hornet
m50
Hurricane
Hawk
Avenger
Sabre
Idris
Orion

---------------------------------------------

(AI) Player 4's Deck:

350r
Constellation
Hornet
Idris
Merchantman
Idris
Hornet
Hawk

---------------------------------------------

(AI) Player 2's Deck:

Carrack
350r
350r
Constellation
Hurricane
Sabre
Sabre
Avenger

---------------------------------------------

(AI) Player 3's Deck:

Avenger
Carrack
Vanguard
Hawk
Vanguard
Avenger
Hornet
Sabre

---------------------------------------------

(Human) Player 1's Deck:

m50
Carrack
Merchantman
Hawk
Merchantman
Vanguard
m50
Idris

---------------------------------------------

(AI) Player 5's Deck:

m50
Avenger
Orion
Hurricane
Orion
Constellation
Hurricane
Orion

---------------------------------------------

Round number: 1
Cards in Play: 

350r
Size		1
Speed		9
Range		2
Firepower		3
Cargo		0

Carrack
Size		6
Speed		2
Range		10
Firepower		4
Cargo		6

Avenger
Size		2
Speed		5
Range		4
Firepower		3
Cargo		2

m50
Size		1
Speed		10
Range		2
Firepower		2
Cargo		0

m50
Size		1
Speed		10
Range		2
Firepower		2
Cargo		0


---------------------------------------------

The selected Category was: Speed.

350r has a Speed value of 9
Carrack has a Speed value of 2
Avenger has a Speed value of 5
m50 has a Speed value of 10
m50 has a Speed value of 10

---------------------------------------------

Communal Pile Updated:

350r
Carrack
Avenger
m50
m50

---------------------------------------------

(AI) Player 4's Deck:

Constellation
Hornet
Idris
Merchantman
Idris
Hornet
Hawk

---------------------------------------------

(AI) Player 2's Deck:

350r
350r
Constellation
Hurricane
Sabre
Sabre
Avenger

---------------------------------------------

(AI) Player 3's Deck:

Carrack
Vanguard
Hawk
Vanguard
Avenger
Hornet
Sabre

---------------------------------------------

(Human) Player 1's Deck:

Carrack
Merchantman
Hawk
Merchantman
Vanguard
m50
Idris

---------------------------------------------

(AI) Player 5's Deck:

Avenger
Orion
Hurricane
Orion
Constellation
Hurricane
Orion

---------------------------------------------

Round number: 2
Cards in Play: 

Constellation
Size		4
Speed		5
Range		7
Firepower		3
Cargo		4

350r
Size		1
Speed		9
Range		2
Firepower		3
Cargo		0

Carrack
Size		6
Speed		2
Range		10
Firepower		4
Cargo		6

Carrack
Size		6
Speed		2
Range		10
Firepower		4
Cargo		6

Avenger
Size		2
Speed		5
Range		4
Firepower		3
Cargo		2


---------------------------------------------

The selected Category was: Range.

Constellation has a Range value of 7
350r has a Range value of 2
Carrack has a Range value of 10
Carrack has a Range value of 10
Avenger has a Range value of 4

---------------------------------------------

Communal Pile Updated:

350r
Carrack
Avenger
m50
m50
Constellation
350r
Carrack
Carrack
Avenger

---------------------------------------------

(AI) Player 4's Deck:

Hornet
Idris
Merchantman
Idris
Hornet
Hawk

---------------------------------------------

(AI) Player 2's Deck:

350r
Constellation
Hurricane
Sabre
Sabre
Avenger

---------------------------------------------

(AI) Player 3's Deck:

Vanguard
Hawk
Vanguard
Avenger
Hornet
Sabre

---------------------------------------------

(Human) Player 1's Deck:

Merchantman
Hawk
Merchantman
Vanguard
m50
Idris

---------------------------------------------

(AI) Player 5's Deck:

Orion
Hurricane
Orion
Constellation
Hurricane
Orion

---------------------------------------------

Round number: 3
Cards in Play: 

Hornet
Size		2
Speed		5
Range		3
Firepower		4
Cargo		1

350r
Size		1
Speed		9
Range		2
Firepower		3
Cargo		0

Vanguard
Size		3
Speed		4
Range		5
Firepower		5
Cargo		2

Merchantman
Size		7
Speed		3
Range		5
Firepower		6
Cargo		8

Orion
Size		10
Speed		1
Range		6
Firepower		2
Cargo		9


---------------------------------------------

The selected Category was: Speed.

Hornet has a Speed value of 5
350r has a Speed value of 9
Vanguard has a Speed value of 4
Merchantman has a Speed value of 3
Orion has a Speed value of 1

---------------------------------------------


The communal Pile was emptied.


---------------------------------------------

(AI) Player 4's Deck:

Idris
Merchantman
Idris
Hornet
Hawk

---------------------------------------------

(AI) Player 2's Deck:

Constellation
Hurricane
Sabre
Sabre
Avenger
Hornet
350r
Vanguard
Merchantman
Orion
350r
Carrack
Avenger
m50
m50
Constellation
350r
Carrack
Carrack
Avenger

---------------------------------------------

(AI) Player 3's Deck:

Hawk
Vanguard
Avenger
Hornet
Sabre

---------------------------------------------

(Human) Player 1's Deck:

Hawk
Merchantman
Vanguard
m50
Idris

---------------------------------------------

(AI) Player 5's Deck:

Hurricane
Orion
Constellation
Hurricane
Orion

---------------------------------------------

Round number: 4
Cards in Play: 

Idris
Size		8
Speed		2
Range		7
Firepower		10
Cargo		6

Constellation
Size		4
Speed		5
Range		7
Firepower		3
Cargo		4

Hawk
Size		1
Speed		3
Range		2
Firepower		4
Cargo		0

Hawk
Size		1
Speed		3
Range		2
Firepower		4
Cargo		0

Hurricane
Size		2
Speed		5
Range		3
Firepower		5
Cargo		0


---------------------------------------------

The selected Category was: Range.

Idris has a Range value of 7
Constellation has a Range value of 7
Hawk has a Range value of 2
Hawk has a Range value of 2
Hurricane has a Range value of 3

---------------------------------------------

Communal Pile Updated:

Idris
Constellation
Hawk
Hawk
Hurricane

---------------------------------------------

(AI) Player 4's Deck:

Merchantman
Idris
Hornet
Hawk

---------------------------------------------

(AI) Player 2's Deck:

Hurricane
Sabre
Sabre
Avenger
Hornet
350r
Vanguard
Merchantman
Orion
350r
Carrack
Avenger
m50
m50
Constellation
350r
Carrack
Carrack
Avenger

---------------------------------------------

(AI) Player 3's Deck:

Vanguard
Avenger
Hornet
Sabre

---------------------------------------------

(Human) Player 1's Deck:

Merchantman
Vanguard
m50
Idris

---------------------------------------------

(AI) Player 5's Deck:

Orion
Constellation
Hurricane
Orion

---------------------------------------------

Round number: 5
Cards in Play: 

Merchantman
Size		7
Speed		3
Range		5
Firepower		6
Cargo		8

Hurricane
Size		2
Speed		5
Range		3
Firepower		5
Cargo		0

Vanguard
Size		3
Speed		4
Range		5
Firepower		5
Cargo		2

Merchantman
Size		7
Speed		3
Range		5
Firepower		6
Cargo		8

Orion
Size		10
Speed		1
Range		6
Firepower		2
Cargo		9


---------------------------------------------

The selected Category was: Speed.

Merchantman has a Speed value of 3
Hurricane has a Speed value of 5
Vanguard has a Speed value of 4
Merchantman has a Speed value of 3
Orion has a Speed value of 1

---------------------------------------------


The communal Pile was emptied.


---------------------------------------------

(AI) Player 4's Deck:

Idris
Hornet
Hawk

---------------------------------------------

(AI) Player 2's Deck:

Sabre
Sabre
Avenger
Hornet
350r
Vanguard
Merchantman
Orion
350r
Carrack
Avenger
m50
m50
Constellation
350r
Carrack
Carrack
Avenger
Merchantman
Hurricane
Vanguard
Merchantman
Orion
Idris
Constellation
Hawk
Hawk
Hurricane

---------------------------------------------

(AI) Player 3's Deck:

Avenger
Hornet
Sabre

---------------------------------------------

(Human) Player 1's Deck:

Vanguard
m50
Idris

---------------------------------------------

(AI) Player 5's Deck:

Constellation
Hurricane
Orion

---------------------------------------------

Round number: 6
Cards in Play: 

Idris
Size		8
Speed		2
Range		7
Firepower		10
Cargo		6

Sabre
Size		2
Speed		7
Range		2
Firepower		5
Cargo		0

Avenger
Size		2
Speed		5
Range		4
Firepower		3
Cargo		2

Vanguard
Size		3
Speed		4
Range		5
Firepower		5
Cargo		2

Constellation
Size		4
Speed		5
Range		7
Firepower		3
Cargo		4


---------------------------------------------

The selected Category was: Speed.

Idris has a Speed value of 2
Sabre has a Speed value of 7
Avenger has a Speed value of 5
Vanguard has a Speed value of 4
Constellation has a Speed value of 5

---------------------------------------------

(AI) Player 4's Deck:

Hornet
Hawk

---------------------------------------------

(AI) Player 2's Deck:

Sabre
Avenger
Hornet
350r
Vanguard
Merchantman
Orion
350r
Carrack
Avenger
m50
m50
Constellation
350r
Carrack
Carrack
Avenger
Merchantman
Hurricane
Vanguard
Merchantman
Orion
Idris
Constellation
Hawk
Hawk
Hurricane
Idris
Sabre
Avenger
Vanguard
Constellation

---------------------------------------------

(AI) Player 3's Deck:

Hornet
Sabre

---------------------------------------------

(Human) Player 1's Deck:

m50
Idris

---------------------------------------------

(AI) Player 5's Deck:

Hurricane
Orion

---------------------------------------------

Round number: 7
Cards in Play: 

Hornet
Size		2
Speed		5
Range		3
Firepower		4
Cargo		1

Sabre
Size		2
Speed		7
Range		2
Firepower		5
Cargo		0

Hornet
Size		2
Speed		5
Range		3
Firepower		4
Cargo		1

m50
Size		1
Speed		10
Range		2
Firepower		2
Cargo		0

Hurricane
Size		2
Speed		5
Range		3
Firepower		5
Cargo		0


---------------------------------------------

The selected Category was: Speed.

Hornet has a Speed value of 5
Sabre has a Speed value of 7
Hornet has a Speed value of 5
m50 has a Speed value of 10
Hurricane has a Speed value of 5

---------------------------------------------

(AI) Player 4's Deck:

Hawk

---------------------------------------------

(AI) Player 2's Deck:

Avenger
Hornet
350r
Vanguard
Merchantman
Orion
350r
Carrack
Avenger
m50
m50
Constellation
350r
Carrack
Carrack
Avenger
Merchantman
Hurricane
Vanguard
Merchantman
Orion
Idris
Constellation
Hawk
Hawk
Hurricane
Idris
Sabre
Avenger
Vanguard
Constellation

---------------------------------------------

(AI) Player 3's Deck:

Sabre

---------------------------------------------

(Human) Player 1's Deck:

Idris
Hornet
Sabre
Hornet
m50
Hurricane

---------------------------------------------

(AI) Player 5's Deck:

Orion

---------------------------------------------

Round number: 8
Cards in Play: 

Hawk
Size		1
Speed		3
Range		2
Firepower		4
Cargo		0

Avenger
Size		2
Speed		5
Range		4
Firepower		3
Cargo		2

Sabre
Size		2
Speed		7
Range		2
Firepower		5
Cargo		0

Idris
Size		8
Speed		2
Range		7
Firepower		10
Cargo		6

Orion
Size		10
Speed		1
Range		6
Firepower		2
Cargo		9


---------------------------------------------

The selected Category was: Firepower.

Hawk has a Firepower value of 4
Avenger has a Firepower value of 3
Sabre has a Firepower value of 5
Idris has a Firepower value of 10
Orion has a Firepower value of 2

---------------------------------------------

(AI) Player 4's Deck:


---------------------------------------------

(AI) Player 2's Deck:

Hornet
350r
Vanguard
Merchantman
Orion
350r
Carrack
Avenger
m50
m50
Constellation
350r
Carrack
Carrack
Avenger
Merchantman
Hurricane
Vanguard
Merchantman
Orion
Idris
Constellation
Hawk
Hawk
Hurricane
Idris
Sabre
Avenger
Vanguard
Constellation

---------------------------------------------

(AI) Player 3's Deck:


---------------------------------------------

(Human) Player 1's Deck:

Hornet
Sabre
Hornet
m50
Hurricane
Hawk
Avenger
Sabre
Idris
Orion

---------------------------------------------

(AI) Player 5's Deck:


---------------------------------------------

Round number: 9
Cards in Play: 

Hornet
Size		2
Speed		5
Range		3
Firepower		4
Cargo		1

Hornet
Size		2
Speed		5
Range		3
Firepower		4
Cargo		1


---------------------------------------------

The selected Category was: Speed.

Hornet has a Speed value of 5
Hornet has a Speed value of 5

---------------------------------------------

Communal Pile Updated:

Hornet
Hornet

---------------------------------------------

(AI) Player 2's Deck:

350r
Vanguard
Merchantman
Orion
350r
Carrack
Avenger
m50
m50
Constellation
350r
Carrack
Carrack
Avenger
Merchantman
Hurricane
Vanguard
Merchantman
Orion
Idris
Constellation
Hawk
Hawk
Hurricane
Idris
Sabre
Avenger
Vanguard
Constellation

---------------------------------------------

(Human) Player 1's Deck:

Sabre
Hornet
m50
Hurricane
Hawk
Avenger
Sabre
Idris
Orion

---------------------------------------------

Round number: 10
Cards in Play: 

350r
Size		1
Speed		9
Range		2
Firepower		3
Cargo		0

Sabre
Size		2
Speed		7
Range		2
Firepower		5
Cargo		0


---------------------------------------------

The selected Category was: Size.

350r has a Size value of 1
Sabre has a Size value of 2

---------------------------------------------


The communal Pile was emptied.


---------------------------------------------

(AI) Player 2's Deck:

Vanguard
Merchantman
Orion
350r
Carrack
Avenger
m50
m50
Constellation
350r
Carrack
Carrack
Avenger
Merchantman
Hurricane
Vanguard
Merchantman
Orion
Idris
Constellation
Hawk
Hawk
Hurricane
Idris
Sabre
Avenger
Vanguard
Constellation

---------------------------------------------

(Human) Player 1's Deck:

Hornet
m50
Hurricane
Hawk
Avenger
Sabre
Idris
Orion
350r
Sabre
Hornet
Hornet

---------------------------------------------

Round number: 11
Cards in Play: 

Vanguard
Size		3
Speed		4
Range		5
Firepower		5
Cargo		2

Hornet
Size		2
Speed		5
Range		3
Firepower		4
Cargo		1


---------------------------------------------

The selected Category was: Speed.

Vanguard has a Speed value of 4
Hornet has a Speed value of 5

---------------------------------------------

(AI) Player 2's Deck:

Merchantman
Orion
350r
Carrack
Avenger
m50
m50
Constellation
350r
Carrack
Carrack
Avenger
Merchantman
Hurricane
Vanguard
Merchantman
Orion
Idris
Constellation
Hawk
Hawk
Hurricane
Idris
Sabre
Avenger
Vanguard
Constellation

---------------------------------------------

(Human) Player 1's Deck:

m50
Hurricane
Hawk
Avenger
Sabre
Idris
Orion
350r
Sabre
Hornet
Hornet
Vanguard
Hornet

---------------------------------------------

Round number: 12
Cards in Play: 

Merchantman
Size		7
Speed		3
Range		5
Firepower		6
Cargo		8

m50
Size		1
Speed		10
Range		2
Firepower		2
Cargo		0


---------------------------------------------

The selected Category was: Speed.

Merchantman has a Speed value of 3
m50 has a Speed value of 10

---------------------------------------------

(AI) Player 2's Deck:

Orion
350r
Carrack
Avenger
m50
m50
Constellation
350r
Carrack
Carrack
Avenger
Merchantman
Hurricane
Vanguard
Merchantman
Orion
Idris
Constellation
Hawk
Hawk
Hurricane
Idris
Sabre
Avenger
Vanguard
Constellation

---------------------------------------------

(Human) Player 1's Deck:

Hurricane
Hawk
Avenger
Sabre
Idris
Orion
350r
Sabre
Hornet
Hornet
Vanguard
Hornet
Merchantman
m50

---------------------------------------------

Round number: 13
Cards in Play: 

Orion
Size		10
Speed		1
Range		6
Firepower		2
Cargo		9

Hurricane
Size		2
Speed		5
Range		3
Firepower		5
Cargo		0


---------------------------------------------

The selected Category was: Size.

Orion has a Size value of 10
Hurricane has a Size value of 2

---------------------------------------------

(AI) Player 2's Deck:

350r
Carrack
Avenger
m50
m50
Constellation
350r
Carrack
Carrack
Avenger
Merchantman
Hurricane
Vanguard
Merchantman
Orion
Idris
Constellation
Hawk
Hawk
Hurricane
Idris
Sabre
Avenger
Vanguard
Constellation
Orion
Hurricane

---------------------------------------------

(Human) Player 1's Deck:

Hawk
Avenger
Sabre
Idris
Orion
350r
Sabre
Hornet
Hornet
Vanguard
Hornet
Merchantman
m50

---------------------------------------------

Round number: 14
Cards in Play: 

350r
Size		1
Speed		9
Range		2
Firepower		3
Cargo		0

Hawk
Size		1
Speed		3
Range		2
Firepower		4
Cargo		0


---------------------------------------------

The selected Category was: Speed.

350r has a Speed value of 9
Hawk has a Speed value of 3

---------------------------------------------

(AI) Player 2's Deck:

Carrack
Avenger
m50
m50
Constellation
350r
Carrack
Carrack
Avenger
Merchantman
Hurricane
Vanguard
Merchantman
Orion
Idris
Constellation
Hawk
Hawk
Hurricane
Idris
Sabre
Avenger
Vanguard
Constellation
Orion
Hurricane
350r
Hawk

---------------------------------------------

(Human) Player 1's Deck:

Avenger
Sabre
Idris
Orion
350r
Sabre
Hornet
Hornet
Vanguard
Hornet
Merchantman
m50

---------------------------------------------

Round number: 15
Cards in Play: 

Carrack
Size		6
Speed		2
Range		10
Firepower		4
Cargo		6

Avenger
Size		2
Speed		5
Range		4
Firepower		3
Cargo		2


---------------------------------------------

The selected Category was: Range.

Carrack has a Range value of 10
Avenger has a Range value of 4

---------------------------------------------

(AI) Player 2's Deck:

Avenger
m50
m50
Constellation
350r
Carrack
Carrack
Avenger
Merchantman
Hurricane
Vanguard
Merchantman
Orion
Idris
Constellation
Hawk
Hawk
Hurricane
Idris
Sabre
Avenger
Vanguard
Constellation
Orion
Hurricane
350r
Hawk
Carrack
Avenger

---------------------------------------------

(Human) Player 1's Deck:

Sabre
Idris
Orion
350r
Sabre
Hornet
Hornet
Vanguard
Hornet
Merchantman
m50

---------------------------------------------

Round number: 16
Cards in Play: 

Avenger
Size		2
Speed		5
Range		4
Firepower		3
Cargo		2

Sabre
Size		2
Speed		7
Range		2
Firepower		5
Cargo		0


---------------------------------------------

The selected Category was: Speed.

Avenger has a Speed value of 5
Sabre has a Speed value of 7

---------------------------------------------

(AI) Player 2's Deck:

m50
m50
Constellation
350r
Carrack
Carrack
Avenger
Merchantman
Hurricane
Vanguard
Merchantman
Orion
Idris
Constellation
Hawk
Hawk
Hurricane
Idris
Sabre
Avenger
Vanguard
Constellation
Orion
Hurricane
350r
Hawk
Carrack
Avenger

---------------------------------------------

(Human) Player 1's Deck:

Idris
Orion
350r
Sabre
Hornet
Hornet
Vanguard
Hornet
Merchantman
m50
Avenger
Sabre

---------------------------------------------

Round number: 17
Cards in Play: 

m50
Size		1
Speed		10
Range		2
Firepower		2
Cargo		0

Idris
Size		8
Speed		2
Range		7
Firepower		10
Cargo		6


---------------------------------------------

The selected Category was: Speed.

m50 has a Speed value of 10
Idris has a Speed value of 2

---------------------------------------------

(AI) Player 2's Deck:

m50
Constellation
350r
Carrack
Carrack
Avenger
Merchantman
Hurricane
Vanguard
Merchantman
Orion
Idris
Constellation
Hawk
Hawk
Hurricane
Idris
Sabre
Avenger
Vanguard
Constellation
Orion
Hurricane
350r
Hawk
Carrack
Avenger
m50
Idris

---------------------------------------------

(Human) Player 1's Deck:

Orion
350r
Sabre
Hornet
Hornet
Vanguard
Hornet
Merchantman
m50
Avenger
Sabre

---------------------------------------------

Round number: 18
Cards in Play: 

m50
Size		1
Speed		10
Range		2
Firepower		2
Cargo		0

Orion
Size		10
Speed		1
Range		6
Firepower		2
Cargo		9


---------------------------------------------

The selected Category was: Speed.

m50 has a Speed value of 10
Orion has a Speed value of 1

---------------------------------------------

(AI) Player 2's Deck:

Constellation
350r
Carrack
Carrack
Avenger
Merchantman
Hurricane
Vanguard
Merchantman
Orion
Idris
Constellation
Hawk
Hawk
Hurricane
Idris
Sabre
Avenger
Vanguard
Constellation
Orion
Hurricane
350r
Hawk
Carrack
Avenger
m50
Idris
m50
Orion

---------------------------------------------

(Human) Player 1's Deck:

350r
Sabre
Hornet
Hornet
Vanguard
Hornet
Merchantman
m50
Avenger
Sabre

---------------------------------------------

Round number: 19
Cards in Play: 

Constellation
Size		4
Speed		5
Range		7
Firepower		3
Cargo		4

350r
Size		1
Speed		9
Range		2
Firepower		3
Cargo		0


---------------------------------------------

The selected Category was: Range.

Constellation has a Range value of 7
350r has a Range value of 2

---------------------------------------------

(AI) Player 2's Deck:

350r
Carrack
Carrack
Avenger
Merchantman
Hurricane
Vanguard
Merchantman
Orion
Idris
Constellation
Hawk
Hawk
Hurricane
Idris
Sabre
Avenger
Vanguard
Constellation
Orion
Hurricane
350r
Hawk
Carrack
Avenger
m50
Idris
m50
Orion
Constellation
350r

---------------------------------------------

(Human) Player 1's Deck:

Sabre
Hornet
Hornet
Vanguard
Hornet
Merchantman
m50
Avenger
Sabre

---------------------------------------------

Round number: 20
Cards in Play: 

350r
Size		1
Speed		9
Range		2
Firepower		3
Cargo		0

Sabre
Size		2
Speed		7
Range		2
Firepower		5
Cargo		0


---------------------------------------------

The selected Category was: Speed.

350r has a Speed value of 9
Sabre has a Speed value of 7

---------------------------------------------

(AI) Player 2's Deck:

Carrack
Carrack
Avenger
Merchantman
Hurricane
Vanguard
Merchantman
Orion
Idris
Constellation
Hawk
Hawk
Hurricane
Idris
Sabre
Avenger
Vanguard
Constellation
Orion
Hurricane
350r
Hawk
Carrack
Avenger
m50
Idris
m50
Orion
Constellation
350r
350r
Sabre

---------------------------------------------

(Human) Player 1's Deck:

Hornet
Hornet
Vanguard
Hornet
Merchantman
m50
Avenger
Sabre

---------------------------------------------

Round number: 21
Cards in Play: 

Carrack
Size		6
Speed		2
Range		10
Firepower		4
Cargo		6

Hornet
Size		2
Speed		5
Range		3
Firepower		4
Cargo		1


---------------------------------------------

The selected Category was: Range.

Carrack has a Range value of 10
Hornet has a Range value of 3

---------------------------------------------

(AI) Player 2's Deck:

Carrack
Avenger
Merchantman
Hurricane
Vanguard
Merchantman
Orion
Idris
Constellation
Hawk
Hawk
Hurricane
Idris
Sabre
Avenger
Vanguard
Constellation
Orion
Hurricane
350r
Hawk
Carrack
Avenger
m50
Idris
m50
Orion
Constellation
350r
350r
Sabre
Carrack
Hornet

---------------------------------------------

(Human) Player 1's Deck:

Hornet
Vanguard
Hornet
Merchantman
m50
Avenger
Sabre

---------------------------------------------

Round number: 22
Cards in Play: 

Carrack
Size		6
Speed		2
Range		10
Firepower		4
Cargo		6

Hornet
Size		2
Speed		5
Range		3
Firepower		4
Cargo		1


---------------------------------------------

The selected Category was: Range.

Carrack has a Range value of 10
Hornet has a Range value of 3

---------------------------------------------

(AI) Player 2's Deck:

Avenger
Merchantman
Hurricane
Vanguard
Merchantman
Orion
Idris
Constellation
Hawk
Hawk
Hurricane
Idris
Sabre
Avenger
Vanguard
Constellation
Orion
Hurricane
350r
Hawk
Carrack
Avenger
m50
Idris
m50
Orion
Constellation
350r
350r
Sabre
Carrack
Hornet
Carrack
Hornet

---------------------------------------------

(Human) Player 1's Deck:

Vanguard
Hornet
Merchantman
m50
Avenger
Sabre

---------------------------------------------

Round number: 23
Cards in Play: 

Avenger
Size		2
Speed		5
Range		4
Firepower		3
Cargo		2

Vanguard
Size		3
Speed		4
Range		5
Firepower		5
Cargo		2


---------------------------------------------

The selected Category was: Speed.

Avenger has a Speed value of 5
Vanguard has a Speed value of 4

---------------------------------------------

(AI) Player 2's Deck:

Merchantman
Hurricane
Vanguard
Merchantman
Orion
Idris
Constellation
Hawk
Hawk
Hurricane
Idris
Sabre
Avenger
Vanguard
Constellation
Orion
Hurricane
350r
Hawk
Carrack
Avenger
m50
Idris
m50
Orion
Constellation
350r
350r
Sabre
Carrack
Hornet
Carrack
Hornet
Avenger
Vanguard

---------------------------------------------

(Human) Player 1's Deck:

Hornet
Merchantman
m50
Avenger
Sabre

---------------------------------------------

Round number: 24
Cards in Play: 

Merchantman
Size		7
Speed		3
Range		5
Firepower		6
Cargo		8

Hornet
Size		2
Speed		5
Range		3
Firepower		4
Cargo		1


---------------------------------------------

The selected Category was: Cargo.

Merchantman has a Cargo value of 8
Hornet has a Cargo value of 1

---------------------------------------------

(AI) Player 2's Deck:

Hurricane
Vanguard
Merchantman
Orion
Idris
Constellation
Hawk
Hawk
Hurricane
Idris
Sabre
Avenger
Vanguard
Constellation
Orion
Hurricane
350r
Hawk
Carrack
Avenger
m50
Idris
m50
Orion
Constellation
350r
350r
Sabre
Carrack
Hornet
Carrack
Hornet
Avenger
Vanguard
Merchantman
Hornet

---------------------------------------------

(Human) Player 1's Deck:

Merchantman
m50
Avenger
Sabre

---------------------------------------------

Round number: 25
Cards in Play: 

Hurricane
Size		2
Speed		5
Range		3
Firepower		5
Cargo		0

Merchantman
Size		7
Speed		3
Range		5
Firepower		6
Cargo		8


---------------------------------------------

The selected Category was: Speed.

Hurricane has a Speed value of 5
Merchantman has a Speed value of 3

---------------------------------------------

(AI) Player 2's Deck:

Vanguard
Merchantman
Orion
Idris
Constellation
Hawk
Hawk
Hurricane
Idris
Sabre
Avenger
Vanguard
Constellation
Orion
Hurricane
350r
Hawk
Carrack
Avenger
m50
Idris
m50
Orion
Constellation
350r
350r
Sabre
Carrack
Hornet
Carrack
Hornet
Avenger
Vanguard
Merchantman
Hornet
Hurricane
Merchantman

---------------------------------------------

(Human) Player 1's Deck:

m50
Avenger
Sabre

---------------------------------------------

Round number: 26
Cards in Play: 

Vanguard
Size		3
Speed		4
Range		5
Firepower		5
Cargo		2

m50
Size		1
Speed		10
Range		2
Firepower		2
Cargo		0


---------------------------------------------

The selected Category was: Range.

Vanguard has a Range value of 5
m50 has a Range value of 2

---------------------------------------------

(AI) Player 2's Deck:

Merchantman
Orion
Idris
Constellation
Hawk
Hawk
Hurricane
Idris
Sabre
Avenger
Vanguard
Constellation
Orion
Hurricane
350r
Hawk
Carrack
Avenger
m50
Idris
m50
Orion
Constellation
350r
350r
Sabre
Carrack
Hornet
Carrack
Hornet
Avenger
Vanguard
Merchantman
Hornet
Hurricane
Merchantman
Vanguard
m50

---------------------------------------------

(Human) Player 1's Deck:

Avenger
Sabre

---------------------------------------------

Round number: 27
Cards in Play: 

Merchantman
Size		7
Speed		3
Range		5
Firepower		6
Cargo		8

Avenger
Size		2
Speed		5
Range		4
Firepower		3
Cargo		2


---------------------------------------------

The selected Category was: Cargo.

Merchantman has a Cargo value of 8
Avenger has a Cargo value of 2

---------------------------------------------

(AI) Player 2's Deck:

Orion
Idris
Constellation
Hawk
Hawk
Hurricane
Idris
Sabre
Avenger
Vanguard
Constellation
Orion
Hurricane
350r
Hawk
Carrack
Avenger
m50
Idris
m50
Orion
Constellation
350r
350r
Sabre
Carrack
Hornet
Carrack
Hornet
Avenger
Vanguard
Merchantman
Hornet
Hurricane
Merchantman
Vanguard
m50
Merchantman
Avenger

---------------------------------------------

(Human) Player 1's Deck:

Sabre

---------------------------------------------

Round number: 28
Cards in Play: 

Orion
Size		10
Speed		1
Range		6
Firepower		2
Cargo		9

Sabre
Size		2
Speed		7
Range		2
Firepower		5
Cargo		0


---------------------------------------------

The selected Category was: Size.

Orion has a Size value of 10
Sabre has a Size value of 2

---------------------------------------------

(AI) Player 2's Deck:

Idris
Constellation
Hawk
Hawk
Hurricane
Idris
Sabre
Avenger
Vanguard
Constellation
Orion
Hurricane
350r
Hawk
Carrack
Avenger
m50
Idris
m50
Orion
Constellation
350r
350r
Sabre
Carrack
Hornet
Carrack
Hornet
Avenger
Vanguard
Merchantman
Hornet
Hurricane
Merchantman
Vanguard
m50
Merchantman
Avenger
Orion
Sabre

---------------------------------------------

(Human) Player 1's Deck:


---------------------------------------------

The winner of this game is: (AI) Player 2
---------------------------------------------

