Gameplay log for Top Trumps.
---------------------------------------------
350r
Avenger
Carrack
Constellation
Hawk
Hornet
Hurricane
Idris
m50
Merchantman
Orion
Sabre
Vanguard
350r
Avenger
Carrack
Constellation
Hawk
Hornet
Hurricane
Idris
m50
Merchantman
Orion
Sabre
Vanguard
350r
Avenger
Carrack
Constellation
Hawk
Hornet
Hurricane
Idris
m50
Merchantman
Orion
Sabre
Vanguard
Avenger

---------------------------------------------

Vanguard
Merchantman
Hurricane
Hurricane
Carrack
Hornet
m50
350r
Sabre
Merchantman
Vanguard
m50
Hawk
Hawk
Sabre
Vanguard
Constellation
Avenger
Hornet
Idris
Idris
Avenger
350r
Idris
Avenger
Carrack
m50
Carrack
Hurricane
Orion
Merchantman
Hornet
Orion
350r
Constellation
Constellation
Avenger
Sabre
Orion
Hawk

---------------------------------------------

(AI) Player 2's Deck:

Vanguard
Hurricane
Carrack
m50
Sabre
Vanguard
Hawk
Sabre
Constellation
Hornet
Idris
350r
Avenger
m50
Hurricane
Merchantman
Orion
Constellation
Avenger
Orion

---------------------------------------------

(Human) Player 1's Deck:

Merchantman
Hurricane
Hornet
350r
Merchantman
m50
Hawk
Vanguard
Avenger
Idris
Avenger
Idris
Carrack
Carrack
Orion
Hornet
350r
Constellation
Sabre
Hawk

---------------------------------------------

Round number: 1
Cards in Play: 

Vanguard
Size		3
Speed		4
Range		5
Firepower		5
Cargo		2

Merchantman
Size		7
Speed		3
Range		5
Firepower		6
Cargo		8


---------------------------------------------

The selected Category was: Range.

Vanguard has a Range value of 5
Merchantman has a Range value of 5

---------------------------------------------

Communal Pile Updated:

Vanguard
Merchantman

---------------------------------------------

(AI) Player 2's Deck:

Hurricane
Carrack
m50
Sabre
Vanguard
Hawk
Sabre
Constellation
Hornet
Idris
350r
Avenger
m50
Hurricane
Merchantman
Orion
Constellation
Avenger
Orion

---------------------------------------------

(Human) Player 1's Deck:

Hurricane
Hornet
350r
Merchantman
m50
Hawk
Vanguard
Avenger
Idris
Avenger
Idris
Carrack
Carrack
Orion
Hornet
350r
Constellation
Sabre
Hawk

---------------------------------------------

Round number: 2
Cards in Play: 

Hurricane
Size		2
Speed		5
Range		3
Firepower		5
Cargo		0

Hurricane
Size		2
Speed		5
Range		3
Firepower		5
Cargo		0


---------------------------------------------

The selected Category was: Speed.

Hurricane has a Speed value of 5
Hurricane has a Speed value of 5

---------------------------------------------

Communal Pile Updated:

Vanguard
Merchantman
Hurricane
Hurricane

---------------------------------------------

(AI) Player 2's Deck:

Carrack
m50
Sabre
Vanguard
Hawk
Sabre
Constellation
Hornet
Idris
350r
Avenger
m50
Hurricane
Merchantman
Orion
Constellation
Avenger
Orion

---------------------------------------------

(Human) Player 1's Deck:

Hornet
350r
Merchantman
m50
Hawk
Vanguard
Avenger
Idris
Avenger
Idris
Carrack
Carrack
Orion
Hornet
350r
Constellation
Sabre
Hawk

---------------------------------------------

Round number: 3
Cards in Play: 

Carrack
Size		6
Speed		2
Range		10
Firepower		4
Cargo		6

Hornet
Size		2
Speed		5
Range		3
Firepower		4
Cargo		1


---------------------------------------------

The selected Category was: Range.

Carrack has a Range value of 10
Hornet has a Range value of 3

---------------------------------------------


The communal Pile was emptied.


---------------------------------------------

(AI) Player 2's Deck:

m50
Sabre
Vanguard
Hawk
Sabre
Constellation
Hornet
Idris
350r
Avenger
m50
Hurricane
Merchantman
Orion
Constellation
Avenger
Orion
Carrack
Hornet
Vanguard
Merchantman
Hurricane
Hurricane

---------------------------------------------

(Human) Player 1's Deck:

350r
Merchantman
m50
Hawk
Vanguard
Avenger
Idris
Avenger
Idris
Carrack
Carrack
Orion
Hornet
350r
Constellation
Sabre
Hawk

---------------------------------------------

Round number: 4
Cards in Play: 

m50
Size		1
Speed		10
Range		2
Firepower		2
Cargo		0

350r
Size		1
Speed		9
Range		2
Firepower		3
Cargo		0


---------------------------------------------

The selected Category was: Speed.

m50 has a Speed value of 10
350r has a Speed value of 9

---------------------------------------------

(AI) Player 2's Deck:

Sabre
Vanguard
Hawk
Sabre
Constellation
Hornet
Idris
350r
Avenger
m50
Hurricane
Merchantman
Orion
Constellation
Avenger
Orion
Carrack
Hornet
Vanguard
Merchantman
Hurricane
Hurricane
m50
350r

---------------------------------------------

(Human) Player 1's Deck:

Merchantman
m50
Hawk
Vanguard
Avenger
Idris
Avenger
Idris
Carrack
Carrack
Orion
Hornet
350r
Constellation
Sabre
Hawk

---------------------------------------------

Round number: 5
Cards in Play: 

Sabre
Size		2
Speed		7
Range		2
Firepower		5
Cargo		0

Merchantman
Size		7
Speed		3
Range		5
Firepower		6
Cargo		8


---------------------------------------------

The selected Category was: Speed.

Sabre has a Speed value of 7
Merchantman has a Speed value of 3

---------------------------------------------

(AI) Player 2's Deck:

Vanguard
Hawk
Sabre
Constellation
Hornet
Idris
350r
Avenger
m50
Hurricane
Merchantman
Orion
Constellation
Avenger
Orion
Carrack
Hornet
Vanguard
Merchantman
Hurricane
Hurricane
m50
350r
Sabre
Merchantman

---------------------------------------------

(Human) Player 1's Deck:

m50
Hawk
Vanguard
Avenger
Idris
Avenger
Idris
Carrack
Carrack
Orion
Hornet
350r
Constellation
Sabre
Hawk

---------------------------------------------

Round number: 6
Cards in Play: 

Vanguard
Size		3
Speed		4
Range		5
Firepower		5
Cargo		2

m50
Size		1
Speed		10
Range		2
Firepower		2
Cargo		0


---------------------------------------------

The selected Category was: Range.

Vanguard has a Range value of 5
m50 has a Range value of 2

---------------------------------------------

(AI) Player 2's Deck:

Hawk
Sabre
Constellation
Hornet
Idris
350r
Avenger
m50
Hurricane
Merchantman
Orion
Constellation
Avenger
Orion
Carrack
Hornet
Vanguard
Merchantman
Hurricane
Hurricane
m50
350r
Sabre
Merchantman
Vanguard
m50

---------------------------------------------

(Human) Player 1's Deck:

Hawk
Vanguard
Avenger
Idris
Avenger
Idris
Carrack
Carrack
Orion
Hornet
350r
Constellation
Sabre
Hawk

---------------------------------------------

Round number: 7
Cards in Play: 

Hawk
Size		1
Speed		3
Range		2
Firepower		4
Cargo		0

Hawk
Size		1
Speed		3
Range		2
Firepower		4
Cargo		0


---------------------------------------------

The selected Category was: Firepower.

Hawk has a Firepower value of 4
Hawk has a Firepower value of 4

---------------------------------------------

Communal Pile Updated:

Hawk
Hawk

---------------------------------------------

(AI) Player 2's Deck:

Sabre
Constellation
Hornet
Idris
350r
Avenger
m50
Hurricane
Merchantman
Orion
Constellation
Avenger
Orion
Carrack
Hornet
Vanguard
Merchantman
Hurricane
Hurricane
m50
350r
Sabre
Merchantman
Vanguard
m50

---------------------------------------------

(Human) Player 1's Deck:

Vanguard
Avenger
Idris
Avenger
Idris
Carrack
Carrack
Orion
Hornet
350r
Constellation
Sabre
Hawk

---------------------------------------------

Round number: 8
Cards in Play: 

Sabre
Size		2
Speed		7
Range		2
Firepower		5
Cargo		0

Vanguard
Size		3
Speed		4
Range		5
Firepower		5
Cargo		2


---------------------------------------------

The selected Category was: Speed.

Sabre has a Speed value of 7
Vanguard has a Speed value of 4

---------------------------------------------


The communal Pile was emptied.


---------------------------------------------

(AI) Player 2's Deck:

Constellation
Hornet
Idris
350r
Avenger
m50
Hurricane
Merchantman
Orion
Constellation
Avenger
Orion
Carrack
Hornet
Vanguard
Merchantman
Hurricane
Hurricane
m50
350r
Sabre
Merchantman
Vanguard
m50
Sabre
Vanguard
Hawk
Hawk

---------------------------------------------

(Human) Player 1's Deck:

Avenger
Idris
Avenger
Idris
Carrack
Carrack
Orion
Hornet
350r
Constellation
Sabre
Hawk

---------------------------------------------

Round number: 9
Cards in Play: 

Constellation
Size		4
Speed		5
Range		7
Firepower		3
Cargo		4

Avenger
Size		2
Speed		5
Range		4
Firepower		3
Cargo		2


---------------------------------------------

The selected Category was: Range.

Constellation has a Range value of 7
Avenger has a Range value of 4

---------------------------------------------

(AI) Player 2's Deck:

Hornet
Idris
350r
Avenger
m50
Hurricane
Merchantman
Orion
Constellation
Avenger
Orion
Carrack
Hornet
Vanguard
Merchantman
Hurricane
Hurricane
m50
350r
Sabre
Merchantman
Vanguard
m50
Sabre
Vanguard
Hawk
Hawk
Constellation
Avenger

---------------------------------------------

(Human) Player 1's Deck:

Idris
Avenger
Idris
Carrack
Carrack
Orion
Hornet
350r
Constellation
Sabre
Hawk

---------------------------------------------

Round number: 10
Cards in Play: 

Hornet
Size		2
Speed		5
Range		3
Firepower		4
Cargo		1

Idris
Size		8
Speed		2
Range		7
Firepower		10
Cargo		6


---------------------------------------------

The selected Category was: Speed.

Hornet has a Speed value of 5
Idris has a Speed value of 2

---------------------------------------------

(AI) Player 2's Deck:

Idris
350r
Avenger
m50
Hurricane
Merchantman
Orion
Constellation
Avenger
Orion
Carrack
Hornet
Vanguard
Merchantman
Hurricane
Hurricane
m50
350r
Sabre
Merchantman
Vanguard
m50
Sabre
Vanguard
Hawk
Hawk
Constellation
Avenger
Hornet
Idris

---------------------------------------------

(Human) Player 1's Deck:

Avenger
Idris
Carrack
Carrack
Orion
Hornet
350r
Constellation
Sabre
Hawk

---------------------------------------------

Round number: 11
Cards in Play: 

Idris
Size		8
Speed		2
Range		7
Firepower		10
Cargo		6

Avenger
Size		2
Speed		5
Range		4
Firepower		3
Cargo		2


---------------------------------------------

The selected Category was: Firepower.

Idris has a Firepower value of 10
Avenger has a Firepower value of 3

---------------------------------------------

(AI) Player 2's Deck:

350r
Avenger
m50
Hurricane
Merchantman
Orion
Constellation
Avenger
Orion
Carrack
Hornet
Vanguard
Merchantman
Hurricane
Hurricane
m50
350r
Sabre
Merchantman
Vanguard
m50
Sabre
Vanguard
Hawk
Hawk
Constellation
Avenger
Hornet
Idris
Idris
Avenger

---------------------------------------------

(Human) Player 1's Deck:

Idris
Carrack
Carrack
Orion
Hornet
350r
Constellation
Sabre
Hawk

---------------------------------------------

Round number: 12
Cards in Play: 

350r
Size		1
Speed		9
Range		2
Firepower		3
Cargo		0

Idris
Size		8
Speed		2
Range		7
Firepower		10
Cargo		6


---------------------------------------------

The selected Category was: Speed.

350r has a Speed value of 9
Idris has a Speed value of 2

---------------------------------------------

(AI) Player 2's Deck:

Avenger
m50
Hurricane
Merchantman
Orion
Constellation
Avenger
Orion
Carrack
Hornet
Vanguard
Merchantman
Hurricane
Hurricane
m50
350r
Sabre
Merchantman
Vanguard
m50
Sabre
Vanguard
Hawk
Hawk
Constellation
Avenger
Hornet
Idris
Idris
Avenger
350r
Idris

---------------------------------------------

(Human) Player 1's Deck:

Carrack
Carrack
Orion
Hornet
350r
Constellation
Sabre
Hawk

---------------------------------------------

Round number: 13
Cards in Play: 

Avenger
Size		2
Speed		5
Range		4
Firepower		3
Cargo		2

Carrack
Size		6
Speed		2
Range		10
Firepower		4
Cargo		6


---------------------------------------------

The selected Category was: Speed.

Avenger has a Speed value of 5
Carrack has a Speed value of 2

---------------------------------------------

(AI) Player 2's Deck:

m50
Hurricane
Merchantman
Orion
Constellation
Avenger
Orion
Carrack
Hornet
Vanguard
Merchantman
Hurricane
Hurricane
m50
350r
Sabre
Merchantman
Vanguard
m50
Sabre
Vanguard
Hawk
Hawk
Constellation
Avenger
Hornet
Idris
Idris
Avenger
350r
Idris
Avenger
Carrack

---------------------------------------------

(Human) Player 1's Deck:

Carrack
Orion
Hornet
350r
Constellation
Sabre
Hawk

---------------------------------------------

Round number: 14
Cards in Play: 

m50
Size		1
Speed		10
Range		2
Firepower		2
Cargo		0

Carrack
Size		6
Speed		2
Range		10
Firepower		4
Cargo		6


---------------------------------------------

The selected Category was: Speed.

m50 has a Speed value of 10
Carrack has a Speed value of 2

---------------------------------------------

(AI) Player 2's Deck:

Hurricane
Merchantman
Orion
Constellation
Avenger
Orion
Carrack
Hornet
Vanguard
Merchantman
Hurricane
Hurricane
m50
350r
Sabre
Merchantman
Vanguard
m50
Sabre
Vanguard
Hawk
Hawk
Constellation
Avenger
Hornet
Idris
Idris
Avenger
350r
Idris
Avenger
Carrack
m50
Carrack

---------------------------------------------

(Human) Player 1's Deck:

Orion
Hornet
350r
Constellation
Sabre
Hawk

---------------------------------------------

Round number: 15
Cards in Play: 

Hurricane
Size		2
Speed		5
Range		3
Firepower		5
Cargo		0

Orion
Size		10
Speed		1
Range		6
Firepower		2
Cargo		9


---------------------------------------------

The selected Category was: Speed.

Hurricane has a Speed value of 5
Orion has a Speed value of 1

---------------------------------------------

(AI) Player 2's Deck:

Merchantman
Orion
Constellation
Avenger
Orion
Carrack
Hornet
Vanguard
Merchantman
Hurricane
Hurricane
m50
350r
Sabre
Merchantman
Vanguard
m50
Sabre
Vanguard
Hawk
Hawk
Constellation
Avenger
Hornet
Idris
Idris
Avenger
350r
Idris
Avenger
Carrack
m50
Carrack
Hurricane
Orion

---------------------------------------------

(Human) Player 1's Deck:

Hornet
350r
Constellation
Sabre
Hawk

---------------------------------------------

Round number: 16
Cards in Play: 

Merchantman
Size		7
Speed		3
Range		5
Firepower		6
Cargo		8

Hornet
Size		2
Speed		5
Range		3
Firepower		4
Cargo		1


---------------------------------------------

The selected Category was: Cargo.

Merchantman has a Cargo value of 8
Hornet has a Cargo value of 1

---------------------------------------------

(AI) Player 2's Deck:

Orion
Constellation
Avenger
Orion
Carrack
Hornet
Vanguard
Merchantman
Hurricane
Hurricane
m50
350r
Sabre
Merchantman
Vanguard
m50
Sabre
Vanguard
Hawk
Hawk
Constellation
Avenger
Hornet
Idris
Idris
Avenger
350r
Idris
Avenger
Carrack
m50
Carrack
Hurricane
Orion
Merchantman
Hornet

---------------------------------------------

(Human) Player 1's Deck:

350r
Constellation
Sabre
Hawk

---------------------------------------------

Round number: 17
Cards in Play: 

Orion
Size		10
Speed		1
Range		6
Firepower		2
Cargo		9

350r
Size		1
Speed		9
Range		2
Firepower		3
Cargo		0


---------------------------------------------

The selected Category was: Size.

Orion has a Size value of 10
350r has a Size value of 1

---------------------------------------------

(AI) Player 2's Deck:

Constellation
Avenger
Orion
Carrack
Hornet
Vanguard
Merchantman
Hurricane
Hurricane
m50
350r
Sabre
Merchantman
Vanguard
m50
Sabre
Vanguard
Hawk
Hawk
Constellation
Avenger
Hornet
Idris
Idris
Avenger
350r
Idris
Avenger
Carrack
m50
Carrack
Hurricane
Orion
Merchantman
Hornet
Orion
350r

---------------------------------------------

(Human) Player 1's Deck:

Constellation
Sabre
Hawk

---------------------------------------------

Round number: 18
Cards in Play: 

Constellation
Size		4
Speed		5
Range		7
Firepower		3
Cargo		4

Constellation
Size		4
Speed		5
Range		7
Firepower		3
Cargo		4


---------------------------------------------

The selected Category was: Range.

Constellation has a Range value of 7
Constellation has a Range value of 7

---------------------------------------------

Communal Pile Updated:

Constellation
Constellation

---------------------------------------------

(AI) Player 2's Deck:

Avenger
Orion
Carrack
Hornet
Vanguard
Merchantman
Hurricane
Hurricane
m50
350r
Sabre
Merchantman
Vanguard
m50
Sabre
Vanguard
Hawk
Hawk
Constellation
Avenger
Hornet
Idris
Idris
Avenger
350r
Idris
Avenger
Carrack
m50
Carrack
Hurricane
Orion
Merchantman
Hornet
Orion
350r

---------------------------------------------

(Human) Player 1's Deck:

Sabre
Hawk

---------------------------------------------

Round number: 19
Cards in Play: 

Avenger
Size		2
Speed		5
Range		4
Firepower		3
Cargo		2

Sabre
Size		2
Speed		7
Range		2
Firepower		5
Cargo		0


---------------------------------------------

The selected Category was: Speed.

Avenger has a Speed value of 5
Sabre has a Speed value of 7

---------------------------------------------


The communal Pile was emptied.


-------------